Wed Feb 12 00:44:36 UTC 2025
Wed Feb 12 01:27:09 UTC 2025
Wed Feb 12 01:27:19 UTC 2025
Wed Feb 12 08:11:23 UTC 2025
Thu Feb 13 08:11:21 UTC 2025
Fri Feb 14 08:11:12 UTC 2025
Sat Feb 15 08:09:34 UTC 2025
Sun Feb 16 08:09:50 UTC 2025
Mon Feb 17 08:12:22 UTC 2025
Tue Feb 18 08:11:23 UTC 2025
Wed Feb 19 08:11:32 UTC 2025
Thu Feb 20 08:11:32 UTC 2025
Fri Feb 21 08:11:05 UTC 2025
Sat Feb 22 08:09:28 UTC 2025
Sun Feb 23 08:09:59 UTC 2025
Mon Feb 24 08:12:12 UTC 2025
Tue Feb 25 08:11:43 UTC 2025
Wed Feb 26 08:11:34 UTC 2025
Thu Feb 27 08:11:37 UTC 2025
Fri Feb 28 08:11:19 UTC 2025
Sat Mar  1 08:10:06 UTC 2025
Sun Mar  2 08:09:53 UTC 2025
Mon Mar  3 08:12:41 UTC 2025
Tue Mar  4 08:10:50 UTC 2025
Wed Mar  5 08:11:40 UTC 2025
Thu Mar  6 08:11:39 UTC 2025
Fri Mar  7 08:11:17 UTC 2025
Sat Mar  8 08:07:56 UTC 2025
Sun Mar  9 08:09:31 UTC 2025
Mon Mar 10 08:10:24 UTC 2025
Tue Mar 11 08:12:04 UTC 2025
Wed Mar 12 08:12:08 UTC 2025
Thu Mar 13 08:11:36 UTC 2025
Fri Mar 14 08:11:46 UTC 2025
Sat Mar 15 08:10:06 UTC 2025
Sun Mar 16 08:10:04 UTC 2025
Mon Mar 17 08:13:00 UTC 2025
Tue Mar 18 08:12:23 UTC 2025
Wed Mar 19 08:11:57 UTC 2025
Thu Mar 20 08:11:40 UTC 2025
Fri Mar 21 08:11:34 UTC 2025
Sat Mar 22 08:10:04 UTC 2025
Sun Mar 23 08:10:11 UTC 2025
Mon Mar 24 08:12:56 UTC 2025
Tue Mar 25 08:12:08 UTC 2025
Wed Mar 26 08:12:04 UTC 2025
Thu Mar 27 08:12:04 UTC 2025
Fri Mar 28 08:12:25 UTC 2025
Sat Mar 29 08:10:15 UTC 2025
Sun Mar 30 08:10:15 UTC 2025
Mon Mar 31 08:13:18 UTC 2025
Tue Apr  1 08:12:36 UTC 2025
Wed Apr  2 08:12:29 UTC 2025
Thu Apr  3 08:12:17 UTC 2025
Fri Apr  4 08:12:14 UTC 2025
Sat Apr  5 08:10:16 UTC 2025
Sun Apr  6 08:10:23 UTC 2025
Mon Apr  7 08:13:00 UTC 2025
Tue Apr  8 08:13:00 UTC 2025
Wed Apr  9 08:12:44 UTC 2025
Thu Apr 10 08:12:16 UTC 2025
Fri Apr 11 08:12:16 UTC 2025
Sat Apr 12 08:10:14 UTC 2025
Sun Apr 13 08:10:49 UTC 2025
Mon Apr 14 08:12:48 UTC 2025
Tue Apr 15 08:12:48 UTC 2025
Wed Apr 16 08:12:37 UTC 2025
Thu Apr 17 08:12:29 UTC 2025
Fri Apr 18 08:11:58 UTC 2025
Sat Apr 19 08:10:26 UTC 2025
Sun Apr 20 08:10:34 UTC 2025
Mon Apr 21 08:12:57 UTC 2025
Tue Apr 22 08:12:48 UTC 2025
Wed Apr 23 08:12:35 UTC 2025
Thu Apr 24 08:12:42 UTC 2025
Fri Apr 25 08:12:47 UTC 2025
Sat Apr 26 08:10:47 UTC 2025
Sun Apr 27 08:10:39 UTC 2025
Mon Apr 28 08:30:22 UTC 2025
Tue Apr 29 08:13:47 UTC 2025
Wed Apr 30 08:12:37 UTC 2025
Thu May  1 08:12:50 UTC 2025
Fri May  2 08:12:31 UTC 2025
Sat May  3 08:10:44 UTC 2025
Sun May  4 08:10:54 UTC 2025
Mon May  5 08:13:51 UTC 2025
Tue May  6 08:13:24 UTC 2025
Wed May  7 08:13:37 UTC 2025
Thu May  8 08:12:47 UTC 2025
Fri May  9 08:12:41 UTC 2025
Sat May 10 08:10:55 UTC 2025
Sun May 11 08:10:55 UTC 2025
Mon May 12 08:13:51 UTC 2025
Tue May 13 08:13:12 UTC 2025
Wed May 14 08:12:51 UTC 2025
